[30Jun.2024 17:35:11.098] [main/INFO] [cpw.mods.modlauncher.Launcher/MODLAUNCHER]: ModLauncher running: args [--launchTarget, forgeclientuserdev, --version, MOD_DEV, --assetIndex, 5, --assetsDir, /home/cadenz/.gradle/caches/forge_gradle/assets, --gameDir, ., --fml.forgeVersion, 47.3.0, --fml.mcVersion, 1.20.1, --fml.forgeGroup, net.minecraftforge, --fml.mcpVersion, 20230612.114412]
[30Jun.2024 17:35:11.101] [main/INFO] [cpw.mods.modlauncher.Launcher/MODLAUNCHER]: ModLauncher 10.0.9+10.0.9+main.dcd20f30 starting: java version 17.0.11 by Eclipse Adoptium; OS Linux arch amd64 version 6.9.6
[30Jun.2024 17:35:11.117] [main/DEBUG] [cpw.mods.modlauncher.LaunchServiceHandler/MODLAUNCHER]: Found launch services [fmlclientdev,forgeclient,minecraft,forgegametestserverdev,fmlserveruserdev,fmlclient,fmldatauserdev,forgeserverdev,forgeserveruserdev,forgeclientdev,forgeclientuserdev,forgeserver,forgedatadev,fmlserver,fmlclientuserdev,fmlserverdev,forgedatauserdev,testharness,forgegametestserveruserdev]
[30Jun.2024 17:35:11.126] [main/DEBUG] [cpw.mods.modlauncher.NameMappingServiceHandler/MODLAUNCHER]: Found naming services : [srgtomcp]
[30Jun.2024 17:35:11.135] [main/DEBUG] [cpw.mods.modlauncher.LaunchPluginHandler/MODLAUNCHER]: Found launch plugins: [mixin,eventbus,slf4jfixer,object_holder_definalize,runtime_enum_extender,capability_token_subclass,accesstransformer,runtimedistcleaner]
[30Jun.2024 17:35:11.142] [main/DEBUG] [cpw.mods.modlauncher.TransformationServicesHandler/MODLAUNCHER]: Discovering transformation services
[30Jun.2024 17:35:11.146] [main/DEBUG] [net.minecraftforge.fml.loading.FMLPaths/CORE]: Path GAMEDIR is /home/cadenz/Dev/Tau/run
[30Jun.2024 17:35:11.146] [main/DEBUG] [net.minecraftforge.fml.loading.FMLPaths/CORE]: Path MODSDIR is /home/cadenz/Dev/Tau/run/mods
[30Jun.2024 17:35:11.147] [main/DEBUG] [net.minecraftforge.fml.loading.FMLPaths/CORE]: Path CONFIGDIR is /home/cadenz/Dev/Tau/run/config
[30Jun.2024 17:35:11.147] [main/DEBUG] [net.minecraftforge.fml.loading.FMLPaths/CORE]: Path FMLCONFIG is /home/cadenz/Dev/Tau/run/config/fml.toml
[30Jun.2024 17:35:11.165] [main/WARN] [net.minecraftforge.fml.loading.FMLConfig/CORE]: Configuration file /home/cadenz/Dev/Tau/run/config/fml.toml is not correct. Correcting
[30Jun.2024 17:35:11.166] [main/INFO] [net.minecraftforge.fml.loading.FMLConfig/CORE]: Incorrect key [earlyWindowSkipGLVersions] was corrected from null to []
[30Jun.2024 17:35:11.167] [main/INFO] [net.minecraftforge.fml.loading.FMLConfig/CORE]: Incorrect key [earlyWindowSquir] was corrected from null to false
[30Jun.2024 17:35:11.167] [main/INFO] [net.minecraftforge.fml.loading.FMLConfig/CORE]: Incorrect key [earlyWindowShowCPU] was corrected from null to false
[30Jun.2024 17:35:11.174] [main/DEBUG] [cpw.mods.modlauncher.TransformationServicesHandler/MODLAUNCHER]: Found additional transformation services from discovery services: 
[30Jun.2024 17:35:11.178] [main/INFO] [net.minecraftforge.fml.loading.ImmediateWindowHandler/]: Loading ImmediateWindowProvider fmlearlywindow
[30Jun.2024 17:35:11.225] [main/ERROR] [EARLYDISPLAY/]: ERROR DISPLAY
Failed to initialize graphics window with current settings.


Failure details:
We are unable to initialize the graphics system.
glfwInit failed.


If you click yes, we will try and open https://links.minecraftforge.net/early-display-errors in your default browser
